app/build/intermediates/manifest_merge_blame_file/debug/manifest-merger-blame-debug-report.txt
1<?xml version="1.0" encoding="utf-8"?>
2<manifest xmlns:android="http://schemas.android.com/apk/res/android"
3    package="com.example.photoprintapp"
4    android:versionCode="1"
5    android:versionName="1.0" >
6
7    <uses-sdk
8        android:minSdkVersion="21"
9        android:targetSdkVersion="34" />
10
11    <uses-feature
11-->src\main\AndroidManifest.xml:5:5-86
12        android:name="android.hardware.usb.host"
12-->src\main\AndroidManifest.xml:5:19-59
13        android:required="true" />
13-->src\main\AndroidManifest.xml:5:60-83
14    <uses-feature
14-->src\main\AndroidManifest.xml:6:5-85
15        android:name="android.hardware.camera"
15-->src\main\AndroidManifest.xml:6:19-57
16        android:required="false" />
16-->src\main\AndroidManifest.xml:6:58-82
17    <uses-feature
17-->src\main\AndroidManifest.xml:7:5-87
18        android:name="android.software.leanback"
18-->src\main\AndroidManifest.xml:7:19-59
19        android:required="false" />
19-->src\main\AndroidManifest.xml:7:60-84
20    <uses-feature
20-->src\main\AndroidManifest.xml:8:5-90
21        android:name="android.hardware.touchscreen"
21-->src\main\AndroidManifest.xml:8:19-62
22        android:required="false" />
22-->src\main\AndroidManifest.xml:8:63-87
23
24    <uses-permission android:name="android.permission.CAMERA" />
24-->src\main\AndroidManifest.xml:10:5-65
24-->src\main\AndroidManifest.xml:10:22-62
25    <uses-permission android:name="android.permission.INTERNET" />
25-->src\main\AndroidManifest.xml:11:5-67
25-->src\main\AndroidManifest.xml:11:22-64
26    <uses-permission
26-->src\main\AndroidManifest.xml:12:5-13:38
27        android:name="android.permission.WRITE_EXTERNAL_STORAGE"
27-->src\main\AndroidManifest.xml:12:22-78
28        android:maxSdkVersion="28" />
28-->src\main\AndroidManifest.xml:13:9-35
29    <uses-permission
29-->src\main\AndroidManifest.xml:14:5-15:38
30        android:name="android.permission.READ_EXTERNAL_STORAGE"
30-->src\main\AndroidManifest.xml:14:22-77
31        android:maxSdkVersion="32" />
31-->src\main\AndroidManifest.xml:15:9-35
32    <uses-permission android:name="android.permission.READ_MEDIA_IMAGES" />
32-->src\main\AndroidManifest.xml:16:5-76
32-->src\main\AndroidManifest.xml:16:22-73
33
34    <permission
34-->[androidx.core:core:1.12.0] AndroidManifest.xml:22:5-24:47
35        android:name="com.example.photoprintapp.DYNAMIC_RECEIVER_NOT_EXPORTED_PERMISSION"
35-->[androidx.core:core:1.12.0] AndroidManifest.xml:23:9-81
36        android:protectionLevel="signature" />
36-->[androidx.core:core:1.12.0] AndroidManifest.xml:24:9-44
37
38    <uses-permission android:name="com.example.photoprintapp.DYNAMIC_RECEIVER_NOT_EXPORTED_PERMISSION" />
38-->[androidx.core:core:1.12.0] AndroidManifest.xml:26:5-97
38-->[androidx.core:core:1.12.0] AndroidManifest.xml:26:22-94
39
40    <application
40-->src\main\AndroidManifest.xml:18:5-74:19
41        android:allowBackup="true"
41-->src\main\AndroidManifest.xml:19:9-35
42        android:appComponentFactory="androidx.core.app.CoreComponentFactory"
42-->[androidx.core:core:1.12.0] AndroidManifest.xml:28:18-86
43        android:debuggable="true"
44        android:extractNativeLibs="true"
45        android:icon="@android:drawable/sym_def_app_icon"
45-->src\main\AndroidManifest.xml:20:9-58
46        android:label="@string/app_name"
46-->src\main\AndroidManifest.xml:22:9-41
47        android:roundIcon="@android:drawable/sym_def_app_icon"
47-->src\main\AndroidManifest.xml:21:9-63
48        android:supportsRtl="true"
48-->src\main\AndroidManifest.xml:23:9-35
49        android:theme="@style/Theme.Photobooth"
49-->src\main\AndroidManifest.xml:24:9-48
50        android:usesCleartextTraffic="true" >
50-->src\main\AndroidManifest.xml:25:9-44
51
52        <!-- Screen 1: Filter Selection -->
53        <activity
53-->src\main\AndroidManifest.xml:29:9-39:20
54            android:name="com.example.photoprintapp.activities.FilterSelectionActivity"
54-->src\main\AndroidManifest.xml:30:13-63
55            android:configChanges="orientation|keyboardHidden|screenSize"
55-->src\main\AndroidManifest.xml:33:13-74
56            android:exported="true"
56-->src\main\AndroidManifest.xml:31:13-36
57            android:screenOrientation="landscape" >
57-->src\main\AndroidManifest.xml:32:13-50
58            <intent-filter>
58-->src\main\AndroidManifest.xml:34:13-38:29
59                <action android:name="android.intent.action.MAIN" />
59-->src\main\AndroidManifest.xml:35:17-69
59-->src\main\AndroidManifest.xml:35:25-66
60
61                <category android:name="android.intent.category.LAUNCHER" />
61-->src\main\AndroidManifest.xml:36:17-77
61-->src\main\AndroidManifest.xml:36:27-74
62                <category android:name="android.intent.category.LEANBACK_LAUNCHER" />
62-->src\main\AndroidManifest.xml:37:17-86
62-->src\main\AndroidManifest.xml:37:27-83
63            </intent-filter>
64        </activity>
65
66        <!-- Screen 2: Photobooth (camera preview + capture) -->
67        <activity
67-->src\main\AndroidManifest.xml:42:9-54:20
68            android:name="com.example.photoprintapp.activities.PhotoboothActivity"
68-->src\main\AndroidManifest.xml:43:13-58
69            android:configChanges="orientation|keyboardHidden|screenSize"
69-->src\main\AndroidManifest.xml:47:13-74
70            android:exported="false"
70-->src\main\AndroidManifest.xml:44:13-37
71            android:launchMode="singleTop"
71-->src\main\AndroidManifest.xml:45:13-43
72            android:screenOrientation="landscape" >
72-->src\main\AndroidManifest.xml:46:13-50
73            <intent-filter>
73-->src\main\AndroidManifest.xml:48:13-50:29
74                <action android:name="android.hardware.usb.action.USB_DEVICE_ATTACHED" />
74-->src\main\AndroidManifest.xml:49:17-90
74-->src\main\AndroidManifest.xml:49:25-87
75            </intent-filter>
76
77            <meta-data
77-->src\main\AndroidManifest.xml:51:13-53:57
78                android:name="android.hardware.usb.action.USB_DEVICE_ATTACHED"
78-->src\main\AndroidManifest.xml:52:17-79
79                android:resource="@xml/device_filter" />
79-->src\main\AndroidManifest.xml:53:17-54
80        </activity>
81
82        <!-- Screen 3: Preview + Sticker -->
83        <activity
83-->src\main\AndroidManifest.xml:57:9-61:77
84            android:name="com.example.photoprintapp.activities.PreviewActivity"
84-->src\main\AndroidManifest.xml:58:13-55
85            android:configChanges="orientation|keyboardHidden|screenSize"
85-->src\main\AndroidManifest.xml:61:13-74
86            android:exported="false"
86-->src\main\AndroidManifest.xml:59:13-37
87            android:screenOrientation="landscape" />
87-->src\main\AndroidManifest.xml:60:13-50
88
89        <!-- FileProvider -->
90        <provider
90-->src\main\AndroidManifest.xml:64:9-72:20
91            android:name="androidx.core.content.FileProvider"
91-->src\main\AndroidManifest.xml:65:13-62
92            android:authorities="com.example.photoprintapp.fileprovider"
92-->src\main\AndroidManifest.xml:66:13-73
93            android:exported="false"
93-->src\main\AndroidManifest.xml:67:13-37
94            android:grantUriPermissions="true" >
94-->src\main\AndroidManifest.xml:68:13-47
95            <meta-data
95-->src\main\AndroidManifest.xml:69:13-71:54
96                android:name="android.support.FILE_PROVIDER_PATHS"
96-->src\main\AndroidManifest.xml:70:17-67
97                android:resource="@xml/file_paths" />
97-->src\main\AndroidManifest.xml:71:17-51
98        </provider>
99        <provider
99-->[androidx.emoji2:emoji2:1.2.0] AndroidManifest.xml:24:9-32:20
100            android:name="androidx.startup.InitializationProvider"
100-->[androidx.emoji2:emoji2:1.2.0] AndroidManifest.xml:25:13-67
101            android:authorities="com.example.photoprintapp.androidx-startup"
101-->[androidx.emoji2:emoji2:1.2.0] AndroidManifest.xml:26:13-68
102            android:exported="false" >
102-->[androidx.emoji2:emoji2:1.2.0] AndroidManifest.xml:27:13-37
103            <meta-data
103-->[androidx.emoji2:emoji2:1.2.0] AndroidManifest.xml:29:13-31:52
104                android:name="androidx.emoji2.text.EmojiCompatInitializer"
104-->[androidx.emoji2:emoji2:1.2.0] AndroidManifest.xml:30:17-75
105                android:value="androidx.startup" />
105-->[androidx.emoji2:emoji2:1.2.0] AndroidManifest.xml:31:17-49
106            <meta-data
106-->[androidx.lifecycle:lifecycle-process:2.7.0] AndroidManifest.xml:29:13-31:52
107                android:name="androidx.lifecycle.ProcessLifecycleInitializer"
107-->[androidx.lifecycle:lifecycle-process:2.7.0] AndroidManifest.xml:30:17-78
108                android:value="androidx.startup" />
108-->[androidx.lifecycle:lifecycle-process:2.7.0] AndroidManifest.xml:31:17-49
109            <meta-data
109-->[androidx.profileinstaller:profileinstaller:1.3.0] AndroidManifest.xml:29:13-31:52
110                android:name="androidx.profileinstaller.ProfileInstallerInitializer"
110-->[androidx.profileinstaller:profileinstaller:1.3.0] AndroidManifest.xml:30:17-85
111                android:value="androidx.startup" />
111-->[androidx.profileinstaller:profileinstaller:1.3.0] AndroidManifest.xml:31:17-49
112        </provider>
113
114        <receiver
114-->[androidx.profileinstaller:profileinstaller:1.3.0] AndroidManifest.xml:34:9-52:20
115            android:name="androidx.profileinstaller.ProfileInstallReceiver"
115-->[androidx.profileinstaller:profileinstaller:1.3.0] AndroidManifest.xml:35:13-76
116            android:directBootAware="false"
116-->[androidx.profileinstaller:profileinstaller:1.3.0] AndroidManifest.xml:36:13-44
117            android:enabled="true"
117-->[androidx.profileinstaller:profileinstaller:1.3.0] AndroidManifest.xml:37:13-35
118            android:exported="true"
118-->[androidx.profileinstaller:profileinstaller:1.3.0] AndroidManifest.xml:38:13-36
119            android:permission="android.permission.DUMP" >
119-->[androidx.profileinstaller:profileinstaller:1.3.0] AndroidManifest.xml:39:13-57
120            <intent-filter>
120-->[androidx.profileinstaller:profileinstaller:1.3.0] AndroidManifest.xml:40:13-42:29
121                <action android:name="androidx.profileinstaller.action.INSTALL_PROFILE" />
121-->[androidx.profileinstaller:profileinstaller:1.3.0] AndroidManifest.xml:41:17-91
121-->[androidx.profileinstaller:profileinstaller:1.3.0] AndroidManifest.xml:41:25-88
122            </intent-filter>
123            <intent-filter>
123-->[androidx.profileinstaller:profileinstaller:1.3.0] AndroidManifest.xml:43:13-45:29
124                <action android:name="androidx.profileinstaller.action.SKIP_FILE" />
124-->[androidx.profileinstaller:profileinstaller:1.3.0] AndroidManifest.xml:44:17-85
124-->[androidx.profileinstaller:profileinstaller:1.3.0] AndroidManifest.xml:44:25-82
125            </intent-filter>
126            <intent-filter>
126-->[androidx.profileinstaller:profileinstaller:1.3.0] AndroidManifest.xml:46:13-48:29
127                <action android:name="androidx.profileinstaller.action.SAVE_PROFILE" />
127-->[androidx.profileinstaller:profileinstaller:1.3.0] AndroidManifest.xml:47:17-88
127-->[androidx.profileinstaller:profileinstaller:1.3.0] AndroidManifest.xml:47:25-85
128            </intent-filter>
129            <intent-filter>
129-->[androidx.profileinstaller:profileinstaller:1.3.0] AndroidManifest.xml:49:13-51:29
130                <action android:name="androidx.profileinstaller.action.BENCHMARK_OPERATION" />
130-->[androidx.profileinstaller:profileinstaller:1.3.0] AndroidManifest.xml:50:17-95
130-->[androidx.profileinstaller:profileinstaller:1.3.0] AndroidManifest.xml:50:25-92
131            </intent-filter>
132        </receiver>
133    </application>
134
135</manifest>